Using pre-set license
Built from '2022.3/staging' branch; Version is '2022.3.10f1 (ff3792e53c62) revision 16725906'; Using compiler version '192829333'; Build Type 'Release'
OS: 'Windows 11  (10.0.22631) 64bit Professional' Language: 'en' Physical Memory: 24301 MB
BatchMode: 1, IsHumanControllingUs: 0, StartBugReporterOnCrash: 0, Is64bit: 1, IsPro: 1

COMMAND LINE ARGUMENTS:
C:\Program Files\Unity\Hub\Editor\2022.3.10f1\Editor\Unity.exe
-adb2
-batchMode
-noUpm
-name
AssetImportWorker1
-projectPath
C:/Users/aghx0/OneDrive/Bureau/amongbeans-main/Among us but it's 3d
-logFile
Logs/AssetImportWorker1.log
-srvPort
62413
Successfully changed project path to: C:/Users/aghx0/OneDrive/Bureau/amongbeans-main/Among us but it's 3d
C:/Users/aghx0/OneDrive/Bureau/amongbeans-main/Among us but it's 3d
[UnityMemory] Configuration Parameters - Can be set up in boot.config
    "memorysetup-bucket-allocator-granularity=16"
    "memorysetup-bucket-allocator-bucket-count=8"
    "memorysetup-bucket-allocator-block-size=33554432"
    "memorysetup-bucket-allocator-block-count=8"
    "memorysetup-main-allocator-block-size=16777216"
    "memorysetup-thread-allocator-block-size=16777216"
    "memorysetup-gfx-main-allocator-block-size=16777216"
    "memorysetup-gfx-thread-allocator-block-size=16777216"
    "memorysetup-cache-allocator-block-size=4194304"
    "memorysetup-typetree-allocator-block-size=2097152"
    "memorysetup-profiler-bucket-allocator-granularity=16"
    "memorysetup-profiler-bucket-allocator-bucket-count=8"
    "memorysetup-profiler-bucket-allocator-block-size=33554432"
    "memorysetup-profiler-bucket-allocator-block-count=8"
    "memorysetup-profiler-allocator-block-size=16777216"
    "memorysetup-profiler-editor-allocator-block-size=1048576"
    "memorysetup-temp-allocator-size-main=16777216"
    "memorysetup-job-temp-allocator-block-size=2097152"
    "memorysetup-job-temp-allocator-block-size-background=1048576"
    "memorysetup-job-temp-allocator-reduction-small-platforms=262144"
    "memorysetup-allocator-temp-initial-block-size-main=262144"
    "memorysetup-allocator-temp-initial-block-size-worker=262144"
    "memorysetup-temp-allocator-size-background-worker=32768"
    "memorysetup-temp-allocator-size-job-worker=262144"
    "memorysetup-temp-allocator-size-preload-manager=33554432"
    "memorysetup-temp-allocator-size-nav-mesh-worker=65536"
    "memorysetup-temp-allocator-size-audio-worker=65536"
    "memorysetup-temp-allocator-size-cloud-worker=32768"
    "memorysetup-temp-allocator-size-gi-baking-worker=262144"
    "memorysetup-temp-allocator-size-gfx=262144"
Player connection [18792] Host "[IP] 192.168.56.1 [Port] 0 [Flags] 2 [Guid] 519717596 [EditorId] 519717596 [Version] 1048832 [Id] WindowsEditor(7,AhmedHarley) [Debug] 1 [PackageName] WindowsEditor [ProjectName] Editor" joined multi-casting on [225.0.0.222:54997]...

Player connection [18792] Host "[IP] 192.168.56.1 [Port] 0 [Flags] 2 [Guid] 519717596 [EditorId] 519717596 [Version] 1048832 [Id] WindowsEditor(7,AhmedHarley) [Debug] 1 [PackageName] WindowsEditor [ProjectName] Editor" joined alternative multi-casting on [225.0.0.222:34997]...

[Physics::Module] Initialized MultithreadedJobDispatcher with 15 workers.
Refreshing native plugins compatible for Editor in 7.92 ms, found 3 plugins.
Preloading 0 native plugins for Editor in 0.00 ms.
Initialize engine version: 2022.3.10f1 (ff3792e53c62)
[Subsystems] Discovering subsystems at path C:/Program Files/Unity/Hub/Editor/2022.3.10f1/Editor/Data/Resources/UnitySubsystems
[Subsystems] Discovering subsystems at path C:/Users/aghx0/OneDrive/Bureau/amongbeans-main/Among us but it's 3d/Assets
GfxDevice: creating device client; threaded=0; jobified=0
Direct3D:
    Version:  Direct3D 11.0 [level 11.1]
    Renderer: NVIDIA GeForce RTX 3050 Ti Laptop GPU (ID=0x25a0)
    Vendor:   NVIDIA
    VRAM:     3962 MB
    Driver:   32.0.15.6094
Initialize mono
Mono path[0] = 'C:/Program Files/Unity/Hub/Editor/2022.3.10f1/Editor/Data/Managed'
Mono path[1] = 'C:/Program Files/Unity/Hub/Editor/2022.3.10f1/Editor/Data/MonoBleedingEdge/lib/mono/unityjit-win32'
Mono config path = 'C:/Program Files/Unity/Hub/Editor/2022.3.10f1/Editor/Data/MonoBleedingEdge/etc'
Using monoOptions --debugger-agent=transport=dt_socket,embedding=1,server=y,suspend=n,address=127.0.0.1:56848
Begin MonoManager ReloadAssembly
Registering precompiled unity dll's ...
Register platform support module: C:/Program Files/Unity/Hub/Editor/2022.3.10f1/Editor/Data/PlaybackEngines/WebGLSupport/UnityEditor.WebGL.Extensions.dll
Register platform support module: C:/Program Files/Unity/Hub/Editor/2022.3.10f1/Editor/Data/PlaybackEngines/AndroidPlayer/UnityEditor.Android.Extensions.dll
Register platform support module: C:/Program Files/Unity/Hub/Editor/2022.3.10f1/Editor/Data/PlaybackEngines/iOSSupport/UnityEditor.iOS.Extensions.dll
Register platform support module: C:/Program Files/Unity/Hub/Editor/2022.3.10f1/Editor/Data/PlaybackEngines/WindowsStandaloneSupport/UnityEditor.WindowsStandalone.Extensions.dll
Registered in 0.007257 seconds.
- Loaded All Assemblies, in  0.298 seconds
Native extension for WindowsStandalone target not found
[usbmuxd] Start listen thread
[usbmuxd] Listen thread started
[usbmuxd] Send listen message
Native extension for iOS target not found
Native extension for Android target not found
Android Extension - Scanning For ADB Devices 246 ms
Native extension for WebGL target not found
Mono: successfully reloaded assembly
- Finished resetting the current domain, in  0.504 seconds
Domain Reload Profiling: 802ms
	BeginReloadAssembly (91ms)
		ExecutionOrderSort (0ms)
		DisableScriptedObjects (0ms)
		BackupInstance (0ms)
		ReleaseScriptingObjects (0ms)
		CreateAndSetChildDomain (1ms)
	RebuildCommonClasses (27ms)
	RebuildNativeTypeToScriptingClass (8ms)
	initialDomainReloadingComplete (45ms)
	LoadAllAssembliesAndSetupDomain (126ms)
		LoadAssemblies (90ms)
		RebuildTransferFunctionScriptingTraits (0ms)
		AnalyzeDomain (123ms)
			TypeCache.Refresh (122ms)
				TypeCache.ScanAssembly (108ms)
			ScanForSourceGeneratedMonoScriptInfo (0ms)
			ResolveRequiredComponents (0ms)
	FinalizeReload (505ms)
		ReleaseScriptCaches (0ms)
		RebuildScriptCaches (0ms)
		SetupLoadedEditorAssemblies (457ms)
			LogAssemblyErrors (0ms)
			InitializePlatformSupportModulesInManaged (341ms)
			SetLoadedEditorAssemblies (3ms)
			RefreshPlugins (0ms)
			BeforeProcessingInitializeOnLoad (2ms)
			ProcessInitializeOnLoadAttributes (74ms)
			ProcessInitializeOnLoadMethodAttributes (37ms)
			AfterProcessingInitializeOnLoad (0ms)
			EditorAssembliesLoaded (0ms)
		ExecutionOrderSort2 (0ms)
		AwakeInstancesAfterBackupRestoration (0ms)
========================================================================
Worker process is ready to serve import requests
Begin MonoManager ReloadAssembly
- Loaded All Assemblies, in  0.515 seconds
Refreshing native plugins compatible for Editor in 2.63 ms, found 3 plugins.
Native extension for WindowsStandalone target not found
Native extension for iOS target not found
Native extension for Android target not found
Native extension for WebGL target not found
Trying to run build script
UnityEngine.StackTraceUtility:ExtractStackTrace ()
UnityEngine.DebugLogHandler:LogFormat (UnityEngine.LogType,UnityEngine.Object,string,object[])
UnityEngine.Logger:Log (UnityEngine.LogType,object)
UnityEngine.Debug:Log (object)
ScriptBatch:RunRpcBuildScript () (at Assets/Rich-Presence-Discord-Unity3D-master/Assets/Editor/BuildHelper.cs:20)
ScriptBatch:EnsureDLL () (at Assets/Rich-Presence-Discord-Unity3D-master/Assets/Editor/BuildHelper.cs:80)
ScriptBatch:.cctor () (at Assets/Rich-Presence-Discord-Unity3D-master/Assets/Editor/BuildHelper.cs:10)
System.Runtime.CompilerServices.RuntimeHelpers:RunClassConstructor (System.RuntimeTypeHandle)
UnityEditor.EditorAssemblies:ProcessInitializeOnLoadAttributes (System.Type[])

(Filename: Assets/Rich-Presence-Discord-Unity3D-master/Assets/Editor/BuildHelper.cs Line: 20)

Package Manager log level set to [2]
[Package Manager] Server::EnsureServerProcessIsRunning -- launch failed, reason: Unity was launched with the -noUpm command-line argument
[Package Manager] UpmClient::Send -- Unable to send message (not connected to UPM process).
[Package Manager] Cannot connect to Unity Package Manager local server
Mono: successfully reloaded assembly
- Finished resetting the current domain, in  1.248 seconds
Domain Reload Profiling: 1761ms
	BeginReloadAssembly (120ms)
		ExecutionOrderSort (0ms)
		DisableScriptedObjects (4ms)
		BackupInstance (0ms)
		ReleaseScriptingObjects (0ms)
		CreateAndSetChildDomain (19ms)
	RebuildCommonClasses (25ms)
	RebuildNativeTypeToScriptingClass (8ms)
	initialDomainReloadingComplete (35ms)
	LoadAllAssembliesAndSetupDomain (324ms)
		LoadAssemblies (255ms)
		RebuildTransferFunctionScriptingTraits (0ms)
		AnalyzeDomain (141ms)
			TypeCache.Refresh (117ms)
				TypeCache.ScanAssembly (101ms)
			ScanForSourceGeneratedMonoScriptInfo (19ms)
			ResolveRequiredComponents (4ms)
	FinalizeReload (1248ms)
		ReleaseScriptCaches (0ms)
		RebuildScriptCaches (0ms)
		SetupLoadedEditorAssemblies (1125ms)
			LogAssemblyErrors (0ms)
			InitializePlatformSupportModulesInManaged (28ms)
			SetLoadedEditorAssemblies (3ms)
			RefreshPlugins (0ms)
			BeforeProcessingInitializeOnLoad (51ms)
			ProcessInitializeOnLoadAttributes (960ms)
			ProcessInitializeOnLoadMethodAttributes (78ms)
			AfterProcessingInitializeOnLoad (4ms)
			EditorAssembliesLoaded (0ms)
		ExecutionOrderSort2 (0ms)
		AwakeInstancesAfterBackupRestoration (5ms)
Launched and connected shader compiler UnityShaderCompiler.exe after 0.03 seconds
Refreshing native plugins compatible for Editor in 2.40 ms, found 3 plugins.
Preloading 0 native plugins for Editor in 0.00 ms.
Unloading 3229 Unused Serialized files (Serialized files now loaded: 0)
Unloading 65 unused Assets / (1.7 MB). Loaded Objects now: 3686.
Memory consumption went from 161.6 MB to 159.9 MB.
Total: 3.223500 ms (FindLiveObjects: 0.194300 ms CreateObjectMapping: 0.081400 ms MarkObjects: 2.571800 ms  DeleteObjects: 0.374400 ms)

AssetImportParameters requested are different than current active one (requested -> active):
  custom:container-demuxer-ogg: 62fdf1f143b41e24485cea50d1cbac27 -> 
  custom:video-codec-MediaFoundation-h265: 746d11721c4dcdbdad8f713fa42b33f4 -> 
  custom:video-decoder-ogg-theora: a1e56fd34408186e4bbccfd4996cb3dc -> 
  custom:framework-win-MediaFoundation: 216162199b28c13a410421893ffa2e32 -> 
  custom:container-demuxer-webm: 4f35f7cbe854078d1ac9338744f61a02 -> 
  custom:container-muxer-webm: aa71ff27fc2769a1b78a27578f13a17b -> 
  custom:video-decoder-webm-vp8: 9c59270c3fd7afecdb556c50c9e8de78 -> 
  custom:SearchIndexIgnoredProperties: e643bd26f0fe6173181afceb89e7c659 -> 
  custom:AudioImporter_EditorPlatform: d09bf68614088b80899f8185d706f6e7 -> 
  custom:video-encoder-webm-vp8: eb34c28f22e8b96e1ab97ce403110664 -> 
  custom:audio-decoder-ogg-vorbis: bf7c407c2cedff20999df2af8eb42d56 -> 
  custom:audio-encoder-webm-vorbis: bf7c407c2cedff20999df2af8eb42d56 -> 
========================================================================
Received Import Request.
  Time since last request: 197077.579434 seconds.
  path: Assets/Models/bed/Bed_01.obj
  artifactKey: Guid(0d5877f85b7b77f42a318f76abfabe60) Importer(815301076,1909f56bfc062723c751e8b465ee728b)
Start importing Assets/Models/bed/Bed_01.obj using Guid(0d5877f85b7b77f42a318f76abfabe60) Importer(815301076,1909f56bfc062723c751e8b465ee728b)  -> (artifact id: '1226681be09d1b11b6bc8696c82bb9ad') in 0.129226 seconds
Number of updated asset objects reloaded before import = 0
Number of asset objects unloaded after import = 13
========================================================================
Received Import Request.
  Time since last request: 0.000018 seconds.
  path: Assets/Models/Antenna/model_obj_caZFn1bu4Zc_cgjAk1cmQsP/model.obj
  artifactKey: Guid(79bc1cbdaf79d67468183dc18ca74a59) Importer(815301076,1909f56bfc062723c751e8b465ee728b)
Start importing Assets/Models/Antenna/model_obj_caZFn1bu4Zc_cgjAk1cmQsP/model.obj using Guid(79bc1cbdaf79d67468183dc18ca74a59) Importer(815301076,1909f56bfc062723c751e8b465ee728b)  -> (artifact id: '78402abd1b722a171fba2acd94db45c8') in 0.056277 seconds
Number of updated asset objects reloaded before import = 0
Number of asset objects unloaded after import = 16
========================================================================
Received Import Request.
  Time since last request: 0.000025 seconds.
  path: Assets/Models/Speakers/Hi-fi stereo.obj
  artifactKey: Guid(849fa556cba458c44a52886daaf00654) Importer(815301076,1909f56bfc062723c751e8b465ee728b)
Start importing Assets/Models/Speakers/Hi-fi stereo.obj using Guid(849fa556cba458c44a52886daaf00654) Importer(815301076,1909f56bfc062723c751e8b465ee728b)  -> (artifact id: '6c0e3d61d16c6fe9ce84954e1a6e030e') in 0.601133 seconds
Number of updated asset objects reloaded before import = 0
Number of asset objects unloaded after import = 290
========================================================================
Received Import Request.
  Time since last request: 0.000037 seconds.
  path: Assets/Models/archive (1)/Stone.obj
  artifactKey: Guid(9962fd216f3853d43853a066531bb8d8) Importer(815301076,1909f56bfc062723c751e8b465ee728b)
Start importing Assets/Models/archive (1)/Stone.obj using Guid(9962fd216f3853d43853a066531bb8d8) Importer(815301076,1909f56bfc062723c751e8b465ee728b)  -> (artifact id: '41d1714b95c58ff6d6341994e4d7272d') in 0.020036 seconds
Number of updated asset objects reloaded before import = 0
Number of asset objects unloaded after import = 10
========================================================================
Received Import Request.
  Time since last request: 0.000048 seconds.
  path: Assets/UnityToonShader-master/UnityToonShader-master/Assets/Demo/Mesh/Cone.FBX
  artifactKey: Guid(f75019554a695024da7226ef41ac6caa) Importer(815301076,1909f56bfc062723c751e8b465ee728b)
Start importing Assets/UnityToonShader-master/UnityToonShader-master/Assets/Demo/Mesh/Cone.FBX using Guid(f75019554a695024da7226ef41ac6caa) Importer(815301076,1909f56bfc062723c751e8b465ee728b)  -> (artifact id: '20d97c00d169bf0646256d3cc4b5de56') in 0.011912 seconds
Number of updated asset objects reloaded before import = 0
Number of asset objects unloaded after import = 7
========================================================================
Received Import Request.
  Time since last request: 0.000014 seconds.
  path: Assets/Resources/Prefabs/Player.prefab
  artifactKey: Guid(065e0ed0cbd9fb84da21d5e15d94fa7d) Importer(815301076,1909f56bfc062723c751e8b465ee728b)
Start importing Assets/Resources/Prefabs/Player.prefab using Guid(065e0ed0cbd9fb84da21d5e15d94fa7d) Importer(815301076,1909f56bfc062723c751e8b465ee728b)  -> (artifact id: '194ba06ef4ed789753b578a1165b93bb') in 0.705600 seconds
Number of updated asset objects reloaded before import = 0
Number of asset objects unloaded after import = 490
========================================================================
Received Import Request.
  Time since last request: 0.000023 seconds.
  path: Assets/Resources/Prefabs/Player3.prefab
  artifactKey: Guid(9fcad546284112e4bb24385b014580fc) Importer(815301076,1909f56bfc062723c751e8b465ee728b)
Start importing Assets/Resources/Prefabs/Player3.prefab using Guid(9fcad546284112e4bb24385b014580fc) Importer(815301076,1909f56bfc062723c751e8b465ee728b)  -> (artifact id: '73b38cb74c8c8d202aa156ba7399fa50') in 0.051184 seconds
Number of updated asset objects reloaded before import = 0
Number of asset objects unloaded after import = 494
========================================================================
Received Import Request.
  Time since last request: 0.000036 seconds.
  path: Assets/Models/O2tank/Fish tank.obj
  artifactKey: Guid(daddc28a7ce127e40be30026f40bf311) Importer(815301076,1909f56bfc062723c751e8b465ee728b)
Start importing Assets/Models/O2tank/Fish tank.obj using Guid(daddc28a7ce127e40be30026f40bf311) Importer(815301076,1909f56bfc062723c751e8b465ee728b)  -> (artifact id: 'bad24d44e4bbe7e2692aafae5250d7db') in 0.406767 seconds
Number of updated asset objects reloaded before import = 0
Number of asset objects unloaded after import = 250
========================================================================
Received Import Request.
  Time since last request: 0.000023 seconds.
  path: Assets/UnityToonShader-master/UnityToonShader-master/Assets/Demo/Mesh/Torus.FBX
  artifactKey: Guid(d3eb8ab5a726be34eb716fcfcd7f38be) Importer(815301076,1909f56bfc062723c751e8b465ee728b)
Start importing Assets/UnityToonShader-master/UnityToonShader-master/Assets/Demo/Mesh/Torus.FBX using Guid(d3eb8ab5a726be34eb716fcfcd7f38be) Importer(815301076,1909f56bfc062723c751e8b465ee728b)  -> (artifact id: '9183c8a084ceac21d2e5230f8086465c') in 0.018390 seconds
Number of updated asset objects reloaded before import = 0
Number of asset objects unloaded after import = 7
========================================================================
Received Import Request.
  Time since last request: 0.000035 seconds.
  path: Assets/Models/Barrels/model_obj_7aG-wYrxa_e_7V1gz_0OnR-/model.obj
  artifactKey: Guid(509aa3cf2c83b6e478b661dd58f1cd28) Importer(815301076,1909f56bfc062723c751e8b465ee728b)
Start importing Assets/Models/Barrels/model_obj_7aG-wYrxa_e_7V1gz_0OnR-/model.obj using Guid(509aa3cf2c83b6e478b661dd58f1cd28) Importer(815301076,1909f56bfc062723c751e8b465ee728b)  -> (artifact id: 'b5cbeba6f44b98eec2215cd04f4928f0') in 0.021588 seconds
Number of updated asset objects reloaded before import = 0
Number of asset objects unloaded after import = 11
========================================================================
Received Import Request.
  Time since last request: 0.000020 seconds.
  path: Assets/Models/Barrels/model_obj_7aG-wYrxa_e_7V1gz_0OnR-/model 1.obj
  artifactKey: Guid(91865ec3d4e35204cba6fb91f3e522f6) Importer(815301076,1909f56bfc062723c751e8b465ee728b)
Start importing Assets/Models/Barrels/model_obj_7aG-wYrxa_e_7V1gz_0OnR-/model 1.obj using Guid(91865ec3d4e35204cba6fb91f3e522f6) Importer(815301076,1909f56bfc062723c751e8b465ee728b)  -> (artifact id: '08b39193959f00d8c0e7aa0fc874b941') in 0.023399 seconds
Number of updated asset objects reloaded before import = 0
Number of asset objects unloaded after import = 11
========================================================================
Received Import Request.
  Time since last request: 0.000028 seconds.
  path: Assets/Resources/Prefabs/Corpse.prefab
  artifactKey: Guid(77903883031b26a4cb0d40081d9598c7) Importer(815301076,1909f56bfc062723c751e8b465ee728b)
Start importing Assets/Resources/Prefabs/Corpse.prefab using Guid(77903883031b26a4cb0d40081d9598c7) Importer(815301076,1909f56bfc062723c751e8b465ee728b)  -> (artifact id: 'd395c658e638a5ade26d3cc5fd7d4038') in 0.019410 seconds
Number of updated asset objects reloaded before import = 0
Number of asset objects unloaded after import = 64
========================================================================
Received Import Request.
  Time since last request: 0.000022 seconds.
  path: Assets/Models/Table/Table_Large_Rectangular_01.obj
  artifactKey: Guid(665986cf3fbade643b6f13a9a214eab7) Importer(815301076,1909f56bfc062723c751e8b465ee728b)
Start importing Assets/Models/Table/Table_Large_Rectangular_01.obj using Guid(665986cf3fbade643b6f13a9a214eab7) Importer(815301076,1909f56bfc062723c751e8b465ee728b)  -> (artifact id: 'fa0be70dfc89ba55eeb8dcc7415dbf23') in 0.023788 seconds
Number of updated asset objects reloaded before import = 0
Number of asset objects unloaded after import = 10
========================================================================
Received Import Request.
  Time since last request: 0.000015 seconds.
  path: Assets/UnityToonShader-master/UnityToonShader-master/Assets/Demo/Mesh/Cylinder.FBX
  artifactKey: Guid(3d7bbfe23d0b5274fbbf0b3255b813b3) Importer(815301076,1909f56bfc062723c751e8b465ee728b)
Start importing Assets/UnityToonShader-master/UnityToonShader-master/Assets/Demo/Mesh/Cylinder.FBX using Guid(3d7bbfe23d0b5274fbbf0b3255b813b3) Importer(815301076,1909f56bfc062723c751e8b465ee728b)  -> (artifact id: 'bc3a9fcb9dc9d12c947d40404743a487') in 0.016944 seconds
Number of updated asset objects reloaded before import = 0
Number of asset objects unloaded after import = 7
[usbmuxd] Attached: 4 00008101-000D2DCC2144001E
[usbmuxd] Detached: 4 00008101-000D2DCC2144001E
[usbmuxd] Attached: 5 00008101-000D2DCC2144001E
[usbmuxd] Detached: 5 00008101-000D2DCC2144001E
========================================================================
Received Prepare
Refreshing native plugins compatible for Editor in 172.89 ms, found 3 plugins.
Preloading 0 native plugins for Editor in 0.00 ms.
Unloading 17 Unused Serialized files (Serialized files now loaded: 0)
Unloading 18 unused Assets / (1.7 MB). Loaded Objects now: 3737.
Memory consumption went from 98.2 MB to 96.5 MB.
Total: 67.238300 ms (FindLiveObjects: 1.344500 ms CreateObjectMapping: 0.140400 ms MarkObjects: 64.852300 ms  DeleteObjects: 0.899800 ms)

Prepare: number of updated asset objects reloaded= 0
AssetImportParameters requested are different than current active one (requested -> active):
  custom:container-demuxer-ogg: 62fdf1f143b41e24485cea50d1cbac27 -> 
  custom:video-codec-MediaFoundation-h265: 746d11721c4dcdbdad8f713fa42b33f4 -> 
  custom:video-decoder-ogg-theora: a1e56fd34408186e4bbccfd4996cb3dc -> 
  custom:framework-win-MediaFoundation: 216162199b28c13a410421893ffa2e32 -> 
  custom:CustomObjectIndexerAttribute: 756ad292c208cfabdd7b50bc23989ffe -> 
  custom:container-demuxer-webm: 4f35f7cbe854078d1ac9338744f61a02 -> 
  custom:container-muxer-webm: aa71ff27fc2769a1b78a27578f13a17b -> 
  custom:video-decoder-webm-vp8: 9c59270c3fd7afecdb556c50c9e8de78 -> 
  custom:SearchIndexIgnoredProperties: e643bd26f0fe6173181afceb89e7c659 -> 
  custom:AudioImporter_EditorPlatform: d09bf68614088b80899f8185d706f6e7 -> 
  custom:video-encoder-webm-vp8: eb34c28f22e8b96e1ab97ce403110664 -> 
  custom:audio-decoder-ogg-vorbis: bf7c407c2cedff20999df2af8eb42d56 -> 
  custom:audio-encoder-webm-vorbis: bf7c407c2cedff20999df2af8eb42d56 -> 
========================================================================
Received Prepare
Begin MonoManager ReloadAssembly
- Loaded All Assemblies, in  7.725 seconds
Refreshing native plugins compatible for Editor in 6.31 ms, found 3 plugins.
Native extension for WindowsStandalone target not found
Native extension for iOS target not found
Native extension for Android target not found
Native extension for WebGL target not found
Trying to run build script
UnityEngine.StackTraceUtility:ExtractStackTrace ()
UnityEngine.DebugLogHandler:LogFormat (UnityEngine.LogType,UnityEngine.Object,string,object[])
UnityEngine.Logger:Log (UnityEngine.LogType,object)
UnityEngine.Debug:Log (object)
ScriptBatch:RunRpcBuildScript () (at Assets/Rich-Presence-Discord-Unity3D-master/Assets/Editor/BuildHelper.cs:20)
ScriptBatch:EnsureDLL () (at Assets/Rich-Presence-Discord-Unity3D-master/Assets/Editor/BuildHelper.cs:80)
ScriptBatch:.cctor () (at Assets/Rich-Presence-Discord-Unity3D-master/Assets/Editor/BuildHelper.cs:10)
System.Runtime.CompilerServices.RuntimeHelpers:RunClassConstructor (System.RuntimeTypeHandle)
UnityEditor.EditorAssemblies:ProcessInitializeOnLoadAttributes (System.Type[])

(Filename: Assets/Rich-Presence-Discord-Unity3D-master/Assets/Editor/BuildHelper.cs Line: 20)

[Package Manager] Server::EnsureServerProcessIsRunning -- launch failed, reason: Unity was launched with the -noUpm command-line argument
[Package Manager] UpmClient::Send -- Unable to send message (not connected to UPM process).
[Package Manager] Cannot connect to Unity Package Manager local server
Mono: successfully reloaded assembly
- Finished resetting the current domain, in 17.501 seconds
Domain Reload Profiling: 25222ms
	BeginReloadAssembly (7142ms)
		ExecutionOrderSort (0ms)
		DisableScriptedObjects (6ms)
		BackupInstance (0ms)
		ReleaseScriptingObjects (0ms)
		CreateAndSetChildDomain (87ms)
	RebuildCommonClasses (46ms)
	RebuildNativeTypeToScriptingClass (14ms)
	initialDomainReloadingComplete (53ms)
	LoadAllAssembliesAndSetupDomain (465ms)
		LoadAssemblies (590ms)
		RebuildTransferFunctionScriptingTraits (0ms)
		AnalyzeDomain (23ms)
			TypeCache.Refresh (12ms)
				TypeCache.ScanAssembly (0ms)
			ScanForSourceGeneratedMonoScriptInfo (0ms)
			ResolveRequiredComponents (10ms)
	FinalizeReload (17501ms)
		ReleaseScriptCaches (0ms)
		RebuildScriptCaches (0ms)
		SetupLoadedEditorAssemblies (1197ms)
			LogAssemblyErrors (0ms)
			InitializePlatformSupportModulesInManaged (34ms)
			SetLoadedEditorAssemblies (5ms)
			RefreshPlugins (0ms)
			BeforeProcessingInitializeOnLoad (60ms)
			ProcessInitializeOnLoadAttributes (1025ms)
			ProcessInitializeOnLoadMethodAttributes (69ms)
			AfterProcessingInitializeOnLoad (5ms)
			EditorAssembliesLoaded (0ms)
		ExecutionOrderSort2 (0ms)
		AwakeInstancesAfterBackupRestoration (5ms)
Refreshing native plugins compatible for Editor in 2.43 ms, found 3 plugins.
Preloading 0 native plugins for Editor in 0.00 ms.
Unloading 3149 Unused Serialized files (Serialized files now loaded: 0)
Unloading 59 unused Assets / (1.7 MB). Loaded Objects now: 3739.
Memory consumption went from 145.1 MB to 143.5 MB.
Total: 4.132400 ms (FindLiveObjects: 0.294600 ms CreateObjectMapping: 0.162700 ms MarkObjects: 3.310200 ms  DeleteObjects: 0.363200 ms)

Prepare: number of updated asset objects reloaded= 0
AssetImportParameters requested are different than current active one (requested -> active):
  custom:container-demuxer-ogg: 62fdf1f143b41e24485cea50d1cbac27 -> 
  custom:video-codec-MediaFoundation-h265: 746d11721c4dcdbdad8f713fa42b33f4 -> 
  custom:video-decoder-ogg-theora: a1e56fd34408186e4bbccfd4996cb3dc -> 
  custom:framework-win-MediaFoundation: 216162199b28c13a410421893ffa2e32 -> 
  custom:CustomObjectIndexerAttribute: 756ad292c208cfabdd7b50bc23989ffe -> 
  custom:container-demuxer-webm: 4f35f7cbe854078d1ac9338744f61a02 -> 
  custom:container-muxer-webm: aa71ff27fc2769a1b78a27578f13a17b -> 
  custom:video-decoder-webm-vp8: 9c59270c3fd7afecdb556c50c9e8de78 -> 
  custom:SearchIndexIgnoredProperties: e643bd26f0fe6173181afceb89e7c659 -> 
  custom:AudioImporter_EditorPlatform: d09bf68614088b80899f8185d706f6e7 -> 
  custom:video-encoder-webm-vp8: eb34c28f22e8b96e1ab97ce403110664 -> 
  custom:audio-decoder-ogg-vorbis: bf7c407c2cedff20999df2af8eb42d56 -> 
  custom:audio-encoder-webm-vorbis: bf7c407c2cedff20999df2af8eb42d56 -> 
========================================================================
Received Prepare
Refreshing native plugins compatible for Editor in 4.65 ms, found 3 plugins.
Preloading 0 native plugins for Editor in 0.00 ms.
Unloading 17 Unused Serialized files (Serialized files now loaded: 0)
Unloading 16 unused Assets / (1.7 MB). Loaded Objects now: 3739.
Memory consumption went from 96.7 MB to 95.0 MB.
Total: 3.699700 ms (FindLiveObjects: 0.412400 ms CreateObjectMapping: 0.121000 ms MarkObjects: 2.673400 ms  DeleteObjects: 0.491100 ms)

Prepare: number of updated asset objects reloaded= 0
AssetImportParameters requested are different than current active one (requested -> active):
  custom:container-demuxer-ogg: 62fdf1f143b41e24485cea50d1cbac27 -> 
  custom:video-codec-MediaFoundation-h265: 746d11721c4dcdbdad8f713fa42b33f4 -> 
  custom:video-decoder-ogg-theora: a1e56fd34408186e4bbccfd4996cb3dc -> 
  custom:framework-win-MediaFoundation: 216162199b28c13a410421893ffa2e32 -> 
  custom:CustomObjectIndexerAttribute: 756ad292c208cfabdd7b50bc23989ffe -> 
  custom:container-demuxer-webm: 4f35f7cbe854078d1ac9338744f61a02 -> 
  custom:container-muxer-webm: aa71ff27fc2769a1b78a27578f13a17b -> 
  custom:video-decoder-webm-vp8: 9c59270c3fd7afecdb556c50c9e8de78 -> 
  custom:SearchIndexIgnoredProperties: e643bd26f0fe6173181afceb89e7c659 -> 
  custom:AudioImporter_EditorPlatform: d09bf68614088b80899f8185d706f6e7 -> 
  custom:video-encoder-webm-vp8: eb34c28f22e8b96e1ab97ce403110664 -> 
  custom:audio-decoder-ogg-vorbis: bf7c407c2cedff20999df2af8eb42d56 -> 
  custom:audio-encoder-webm-vorbis: bf7c407c2cedff20999df2af8eb42d56 -> 
